<component name="libraryTable">
  <library name="junit4">
    <CLASSES>
      <root url="file://$PROJECT_DIR$/lib-test/junit4" />
    </CLASSES>
    <JAVADOC />
    <SOURCES />
    <jarDirectory url="file://$PROJECT_DIR$/lib-test/junit4" recursive="false" />
  </library>
</component>